nohup: ignoring input
yarn run v1.22.22
$ /home/itsroosevelt_/excelsior-project/admin-dashboard/node_modules/.bin/next dev -H 127.0.0.1 -p 3000
⚠ Warning: Next.js inferred your workspace root, but it may not be correct.
 We detected multiple lockfiles and selected the directory of /home/itsroosevelt_/excelsior-project/yarn.lock as the root directory.
 To silence this warning, set `turbopack.root` in your Next.js config, or consider removing one of the lockfiles if it's not needed.
   See https://nextjs.org/docs/app/api-reference/config/next-config-js/turbopack#root-directory for more information.
 Detected additional lockfiles: 
   * /home/itsroosevelt_/excelsior-project/admin-dashboard/yarn.lock

▲ Next.js 16.1.4 (Turbopack)
- Local:         http://127.0.0.1:3000
- Network:       http://127.0.0.1:3000
- Environments: .env.local

✓ Starting...
✓ Ready in 6s
○ Compiling / ...
bigint: Failed to load bindings, pure JS will be used (try npm run rebuild?)
 GET / 200 in 23.4s (compile: 20.9s, render: 2.5s)
 GET /api/auth/session 200 in 1402ms (compile: 1357ms, render: 45ms)
 GET /api/auth/session 200 in 113ms (compile: 51ms, render: 62ms)
✓ Compiled in 3.8s
✓ Compiled in 1020ms
bigint: Failed to load bindings, pure JS will be used (try npm run rebuild?)
 GET / 200 in 693ms (compile: 107ms, render: 586ms)
 GET /api/auth/session 200 in 131ms (compile: 67ms, render: 64ms)
 GET /api/auth/session 200 in 20ms (compile: 7ms, render: 13ms)
 GET /analytics 404 in 1008ms (compile: 737ms, render: 271ms)
 GET /api/auth/session 200 in 112ms (compile: 91ms, render: 21ms)
 GET /api/auth/session 200 in 25ms (compile: 9ms, render: 16ms)
 GET / 200 in 155ms (compile: 31ms, render: 124ms)
 GET /api/auth/session 200 in 83ms (compile: 62ms, render: 21ms)
 GET /api/auth/session 200 in 19ms (compile: 7ms, render: 11ms)
 GET / 200 in 146ms (compile: 28ms, render: 118ms)
 GET /api/auth/session 200 in 110ms (compile: 90ms, render: 20ms)
 GET /api/auth/session 200 in 19ms (compile: 8ms, render: 12ms)
✓ Compiled in 1541ms
⚠ Fast Refresh had to perform a full reload due to a runtime error.
bigint: Failed to load bindings, pure JS will be used (try npm run rebuild?)
 GET / 200 in 3.4s (compile: 414ms, render: 3.0s)
 GET /api/auth/session 200 in 289ms (compile: 231ms, render: 57ms)
 GET /api/auth/session 200 in 86ms (compile: 47ms, render: 39ms)
✓ Compiled in 292ms
✓ Compiled in 846ms
✓ Compiled in 523ms
✓ Compiled in 193ms
✓ Compiled in 1778ms
 GET / 200 in 1678ms (compile: 758ms, render: 921ms)
 GET / 200 in 71ms (compile: 19ms, render: 53ms)
bigint: Failed to load bindings, pure JS will be used (try npm run rebuild?)
 GET / 200 in 1020ms (compile: 25ms, render: 995ms)
 GET /api/auth/session 200 in 124ms (compile: 85ms, render: 39ms)
 GET /api/auth/session 200 in 20ms (compile: 8ms, render: 13ms)
 GET /api/auth/session 200 in 29ms (compile: 6ms, render: 23ms)
✓ Compiled in 850ms
✓ Compiled in 1360ms
✓ Compiled in 1ms
bigint: Failed to load bindings, pure JS will be used (try npm run rebuild?)
 GET / 200 in 1620ms (compile: 241ms, render: 1379ms)
 GET /api/auth/session 200 in 117ms (compile: 100ms, render: 17ms)
 GET /api/auth/session 200 in 13ms (compile: 5ms, render: 8ms)
 GET / 200 in 267ms (compile: 40ms, render: 228ms)
 GET /api/auth/session 200 in 109ms (compile: 91ms, render: 18ms)
 GET /api/auth/session 200 in 38ms (compile: 10ms, render: 28ms)
✓ Compiled in 2.4s
⚠ Fast Refresh had to perform a full reload due to a runtime error.
bigint: Failed to load bindings, pure JS will be used (try npm run rebuild?)
 GET /api/auth/session 200 in 298ms (compile: 257ms, render: 41ms)
 GET / 200 in 3.9s (compile: 493ms, render: 3.4s)
 GET /api/auth/session 200 in 210ms (compile: 186ms, render: 24ms)
 GET /api/auth/session 200 in 29ms (compile: 9ms, render: 20ms)
✓ Compiled in 210ms
✓ Compiled in 1655ms
bigint: Failed to load bindings, pure JS will be used (try npm run rebuild?)
 GET / 200 in 3.4s (compile: 445ms, render: 2.9s)
 GET /api/auth/session 200 in 246ms (compile: 210ms, render: 36ms)
 GET /api/auth/session 200 in 49ms (compile: 15ms, render: 35ms)
 GET /api/auth/session 200 in 56ms (compile: 21ms, render: 35ms)
✓ Finished filesystem cache database compaction in 12.4s
✓ Compiled in 962ms
✓ Compiled in 476ms
✓ Compiled in 956ms
bigint: Failed to load bindings, pure JS will be used (try npm run rebuild?)
 GET / 200 in 1470ms (compile: 192ms, render: 1278ms)
 GET /api/auth/session 200 in 99ms (compile: 84ms, render: 15ms)
 GET /api/auth/session 200 in 14ms (compile: 5ms, render: 9ms)
 GET /api/auth/session 200 in 11ms (compile: 4ms, render: 8ms)
 GET /api/auth/session 200 in 9ms (compile: 3ms, render: 5ms)
✓ Compiled in 302ms
 GET / 200 in 169ms (compile: 25ms, render: 144ms)
 GET /api/auth/session 200 in 102ms (compile: 84ms, render: 18ms)
 GET /api/auth/session 200 in 52ms (compile: 15ms, render: 37ms)
 GET / 200 in 128ms (compile: 18ms, render: 109ms)
 GET /api/auth/session 200 in 78ms (compile: 68ms, render: 10ms)
 GET /api/auth/session 200 in 24ms (compile: 11ms, render: 13ms)
✓ Compiled in 253ms
✓ Compiled in 1538ms
 GET / 200 in 659ms (compile: 459ms, render: 200ms)
✓ Compiled in 129ms
✓ Compiled in 1623ms
✓ Compiled in 86ms
✓ Compiled in 1216ms
✓ Compiled in 151ms
✓ Compiled in 595ms
✓ Compiled in 80ms
✓ Compiled in 1060ms
✓ Compiled in 2.4s
✓ Compiled in 499ms
✓ Compiled in 473ms
✓ Compiled in 5.5s
 GET / 200 in 399ms (compile: 190ms, render: 209ms)
bigint: Failed to load bindings, pure JS will be used (try npm run rebuild?)
 GET / 200 in 1044ms (compile: 43ms, render: 1001ms)
 GET /api/auth/session 200 in 117ms (compile: 89ms, render: 27ms)
 GET /api/auth/session 200 in 14ms (compile: 5ms, render: 9ms)
✓ Compiled in 1507ms
bigint: Failed to load bindings, pure JS will be used (try npm run rebuild?)
 GET / 200 in 788ms (compile: 145ms, render: 643ms)
 GET /api/auth/session 200 in 99ms (compile: 80ms, render: 19ms)
 GET /api/auth/session 200 in 44ms (compile: 25ms, render: 19ms)
 GET / 200 in 158ms (compile: 25ms, render: 133ms)
 GET /api/auth/session 200 in 92ms (compile: 79ms, render: 13ms)
 GET /api/auth/session 200 in 17ms (compile: 10ms, render: 7ms)
✓ Compiled in 1826ms
✓ Compiled in 136ms
✓ Compiled in 2.1s
✓ Compiled in 1266ms
✓ Compiled in 800ms
 GET / 200 in 750ms (compile: 276ms, render: 473ms)
✓ Compiled in 714ms
✓ Compiled in 499ms
✓ Compiled in 3.8s
 GET / 200 in 251ms (compile: 136ms, render: 115ms)
✓ Compiled in 189ms
✓ Compiled in 149ms
✓ Compiled in 100ms
✓ Compiled in 127ms
✓ Compiled in 111ms
✓ Compiled in 4.3s
✓ Compiled in 2.8s
 GET / 200 in 1355ms (compile: 373ms, render: 982ms)
✓ Compiled in 863ms
✓ Compiled in 1144ms
✓ Compiled in 1146ms
✓ Compiled in 999ms
✓ Compiled in 1358ms
✓ Compiled in 987ms
✓ Compiled in 1211ms
bigint: Failed to load bindings, pure JS will be used (try npm run rebuild?)
 GET / 200 in 1897ms (compile: 190ms, render: 1707ms)
 GET /api/auth/session 200 in 107ms (compile: 87ms, render: 20ms)
 GET /api/auth/session 200 in 10ms (compile: 4ms, render: 6ms)
 GET / 200 in 490ms (compile: 99ms, render: 391ms)
 GET /api/auth/session 200 in 102ms (compile: 81ms, render: 21ms)
 GET /api/auth/session 200 in 17ms (compile: 4ms, render: 12ms)
✓ Compiled in 2.3s
✓ Compiled in 3.7s
✓ Compiled in 1789ms
✓ Compiled in 2.1s
✓ Compiled in 471ms
✓ Compiled in 241ms
✓ Compiled in 4s
bigint: Failed to load bindings, pure JS will be used (try npm run rebuild?)
 GET / 200 in 1939ms (compile: 276ms, render: 1662ms)
 GET /api/auth/session 200 in 112ms (compile: 98ms, render: 14ms)
 GET /api/auth/session 200 in 20ms (compile: 8ms, render: 13ms)
✓ Compiled in 435ms
✓ Compiled in 756ms
bigint: Failed to load bindings, pure JS will be used (try npm run rebuild?)
⨯ ReferenceError: ShieldCheck is not defined
    at module evaluation (components/NavigationMoon.tsx:27:52)
    at module evaluation (app/(dashboard)/page.tsx:24:1)
  25 |     { id: "swap-convert", label: "Intercambio", icon: RefreshCw },
  26 |     { id: "fleet-transfer", label: "Mover Fondos", icon: Send },
> 27 |     { id: "governance", label: "Gobernanza", icon: ShieldCheck },
     |                                                    ^
  28 |     { id: "analytics", label: "Métricas", icon: BarChart3 },
  29 | ];
  30 | {
  digest: '3607498857'
}
 GET / 500 in 6.4s (compile: 667ms, render: 5.7s)
✓ Compiled in 11ms
✓ Compiled in 1345ms
✓ Compiled in 1790ms
⚠ Fast Refresh had to perform a full reload due to a runtime error.
⚠ Fast Refresh had to perform a full reload when ./admin-dashboard/app/(dashboard)/page.tsx changed. Read more: https://nextjs.org/docs/messages/fast-refresh-reload
⚠ Fast Refresh had to perform a full reload due to a runtime error.
bigint: Failed to load bindings, pure JS will be used (try npm run rebuild?)
 GET / 200 in 1124ms (compile: 223ms, render: 901ms)
 GET /api/auth/session 200 in 294ms (compile: 247ms, render: 47ms)
 GET /api/auth/session 200 in 22ms (compile: 12ms, render: 9ms)
✓ Compiled in 1552ms
✓ Compiled in 965ms
✓ Compiled in 586ms
